<?xml version="1.0" encoding="UTF-8"?>
<!-- Generated by org.testng.reporters.JUnitReportReporter -->
<testsuite skipped="1" hostname="q" name="Test.Demo.AppTest" tests="1" failures="0" timestamp="23 Apr 2018 07:19:41 GMT" time="0.000" errors="0">
  <testcase name="testApp" time="0.000" classname="Test.Demo.AppTest">
    <skipped/>
  </testcase> <!-- testApp -->
</testsuite> <!-- Test.Demo.AppTest -->
