<?xml version="1.0" encoding="UTF-8"?>
<!-- Generated by org.testng.reporters.JUnitReportReporter -->
<testsuite skipped="1" hostname="q" name="tests.FbLoginTest" tests="1" failures="0" timestamp="25 Apr 2018 10:53:50 GMT" time="0.000" errors="0">
  <testcase name="FBLogin" time="0.000" classname="tests.FbLoginTest">
    <skipped/>
  </testcase> <!-- FBLogin -->
</testsuite> <!-- tests.FbLoginTest -->
