<?xml version="1.0" encoding="UTF-8"?>
<!-- Generated by org.testng.reporters.JUnitReportReporter -->
<testsuite skipped="0" hostname="q" name="Test.Demo.AppTest" tests="1" failures="0" timestamp="09 May 2018 06:40:43 GMT" time="0.004" errors="0">
  <testcase name="testApp" time="0.004" classname="Test.Demo.AppTest"/>
</testsuite> <!-- Test.Demo.AppTest -->
